<?xml version="1.0" encoding="UTF-8"?>
<testng-results ignored="2" total="8" passed="6" failed="0" skipped="0">
  <reporter-output>
  </reporter-output>
  <suite started-at="2022-02-07T18:12:24 CET" name="spring Regression Suite" finished-at="2022-02-07T18:12:26 CET" duration-ms="1906">
    <groups>
    </groups>
    <test started-at="2022-02-07T18:12:24 CET" name="Regression Test" finished-at="2022-02-07T18:12:26 CET" duration-ms="1906">
      <class name="tests.SearchForOwnerTest">
        <test-method signature="userCanSearchForTheAddedOwnerSuccessfully()[pri:0, instance:tests.SearchForOwnerTest@130161f7]" started-at="2022-02-07T18:12:25 CET" name="userCanSearchForTheAddedOwnerSuccessfully" finished-at="2022-02-07T18:12:26 CET" duration-ms="159" status="PASS">
          <reporter-output>
          </reporter-output>
        </test-method> <!-- userCanSearchForTheAddedOwnerSuccessfully -->
        <test-method signature="userCannotSearchForNotPresentOwner()[pri:0, instance:tests.SearchForOwnerTest@130161f7]" started-at="2022-02-07T18:12:26 CET" name="userCannotSearchForNotPresentOwner" finished-at="2022-02-07T18:12:26 CET" duration-ms="143" status="PASS">
          <reporter-output>
          </reporter-output>
        </test-method> <!-- userCannotSearchForNotPresentOwner -->
      </class> <!-- tests.SearchForOwnerTest -->
      <class name="tests.AddOwnersTest">
        <test-method is-config="true" signature="startDriver(java.lang.String)[pri:0, instance:tests.AddOwnersTest@3d51f06e]" started-at="2022-02-07T18:12:19 CET" name="startDriver" finished-at="2022-02-07T18:12:24 CET" duration-ms="5287" status="PASS">
          <params>
            <param index="0">
              <value>
                <![CDATA[chrome]]>
              </value>
            </param>
          </params>
          <reporter-output>
          </reporter-output>
        </test-method> <!-- startDriver -->
        <test-method signature="UserCanAddOwnerSuccessfully()[pri:0, instance:tests.AddOwnersTest@3d51f06e]" started-at="2022-02-07T18:12:24 CET" name="UserCanAddOwnerSuccessfully" finished-at="2022-02-07T18:12:24 CET" duration-ms="467" status="PASS">
          <reporter-output>
          </reporter-output>
        </test-method> <!-- UserCanAddOwnerSuccessfully -->
        <test-method signature="userCannotAddOwnerInCaseTelephoneFieldContainsMoreThan10Intigers()[pri:0, instance:tests.AddOwnersTest@3d51f06e]" started-at="2022-02-07T18:12:24 CET" name="userCannotAddOwnerInCaseTelephoneFieldContainsMoreThan10Intigers" finished-at="2022-02-07T18:12:25 CET" duration-ms="344" status="PASS">
          <reporter-output>
          </reporter-output>
        </test-method> <!-- userCannotAddOwnerInCaseTelephoneFieldContainsMoreThan10Intigers -->
        <test-method signature="userCannotAddOwnerInCaseTelephoneFieldContainsStrings()[pri:0, instance:tests.AddOwnersTest@3d51f06e]" started-at="2022-02-07T18:12:25 CET" name="userCannotAddOwnerInCaseTelephoneFieldContainsStrings" finished-at="2022-02-07T18:12:25 CET" duration-ms="349" status="PASS">
          <reporter-output>
          </reporter-output>
        </test-method> <!-- userCannotAddOwnerInCaseTelephoneFieldContainsStrings -->
        <test-method signature="userCannotAddOwnerInCaseThatRequiredFieldsAreBalnk()[pri:0, instance:tests.AddOwnersTest@3d51f06e]" started-at="2022-02-07T18:12:25 CET" name="userCannotAddOwnerInCaseThatRequiredFieldsAreBalnk" finished-at="2022-02-07T18:12:25 CET" duration-ms="424" status="PASS">
          <reporter-output>
          </reporter-output>
        </test-method> <!-- userCannotAddOwnerInCaseThatRequiredFieldsAreBalnk -->
        <test-method is-config="true" signature="stopDriver()[pri:0, instance:tests.AddOwnersTest@3d51f06e]" started-at="2022-02-07T18:12:26 CET" name="stopDriver" finished-at="2022-02-07T18:12:27 CET" duration-ms="777" status="PASS">
          <reporter-output>
          </reporter-output>
        </test-method> <!-- stopDriver -->
      </class> <!-- tests.AddOwnersTest -->
    </test> <!-- Regression Test -->
  </suite> <!-- spring Regression Suite -->
</testng-results>
