<?xml version="1.0" encoding="UTF-8"?>
<!-- Generated by org.testng.reporters.JUnitXMLReporter -->
<testsuite ignored="2" hostname="L-DEE-B710W93" failures="0" tests="6" name="Regression Test" time="1.906" errors="0" timestamp="2022-02-07T18:12:26 CET">
  <testcase classname="tests.AddOwnersTest" name="UserCanAddOwnerSuccessfully" time="0.467"/>
  <testcase classname="tests.AddOwnersTest" name="userCannotAddOwnerInCaseTelephoneFieldContainsMoreThan10Intigers" time="0.344"/>
  <testcase classname="tests.AddOwnersTest" name="userCannotAddOwnerInCaseTelephoneFieldContainsStrings" time="0.349"/>
  <testcase classname="tests.AddOwnersTest" name="userCannotAddOwnerInCaseThatRequiredFieldsAreBalnk" time="0.424"/>
  <testcase classname="tests.SearchForOwnerTest" name="userCanSearchForTheAddedOwnerSuccessfully" time="0.159"/>
  <testcase classname="tests.SearchForOwnerTest" name="userCannotSearchForNotPresentOwner" time="0.143"/>
  <testcase classname="tests.TestBase" name="@BeforeSuite startDriver" time="0.0">
    <ignored/>
  </testcase> <!-- @BeforeSuite startDriver -->
  <testcase classname="tests.TestBase" name="@AfterSuite stopDriver" time="0.0">
    <ignored/>
  </testcase> <!-- @AfterSuite stopDriver -->
</testsuite> <!-- Regression Test -->
